<?xml version="1.0" encoding="UTF-8"?>
<testsuite name="com.example.demo.helloboot.HelloControllerTest" tests="2" skipped="0" failures="0" errors="0" timestamp="2024-05-06T05:46:19" hostname="KDH" time="0.007">
  <properties/>
  <testcase name="test" classname="com.example.demo.helloboot.HelloControllerTest" time="0.006"/>
  <testcase name="helloControllerTest()" classname="com.example.demo.helloboot.HelloControllerTest" time="0.0"/>
  <system-out><![CDATA[]]></system-out>
  <system-err><![CDATA[]]></system-err>
</testsuite>
