<?xml version="1.0" encoding="UTF-8"?>
<testsuite name="com.example.demo.helloboot.JdbcTemplateTest" tests="1" skipped="0" failures="0" errors="0" timestamp="2024-05-06T05:46:19" hostname="KDH" time="0.011">
  <properties/>
  <testcase name="insertAndQuery()" classname="com.example.demo.helloboot.JdbcTemplateTest" time="0.011"/>
  <system-out><![CDATA[2024-05-06 14:46:19.222  INFO 22536 --- [    Test worker] o.s.b.t.a.j.JdbcTestContextBootstrapper  : Neither @ContextConfiguration nor @ContextHierarchy found for test class [com.example.demo.helloboot.JdbcTemplateTest], using SpringBootContextLoader
2024-05-06 14:46:19.222  INFO 22536 --- [    Test worker] o.s.t.c.support.AbstractContextLoader    : Could not detect default resource locations for test class [com.example.demo.helloboot.JdbcTemplateTest]: no resource found for suffixes {-context.xml, Context.groovy}.
2024-05-06 14:46:19.222  INFO 22536 --- [    Test worker] t.c.s.AnnotationConfigContextLoaderUtils : Could not detect default configuration classes for test class [com.example.demo.helloboot.JdbcTemplateTest]: JdbcTemplateTest does not declare any static, non-private, non-final, nested classes annotated with @Configuration.
2024-05-06 14:46:19.228  INFO 22536 --- [    Test worker] .b.t.c.SpringBootTestContextBootstrapper : Found @SpringBootConfiguration com.example.demo.helloboot.HellobootApplication for test class com.example.demo.helloboot.JdbcTemplateTest
2024-05-06 14:46:19.228  INFO 22536 --- [    Test worker] o.s.b.t.a.j.JdbcTestContextBootstrapper  : Loaded default TestExecutionListener class names from location [META-INF/spring.factories]: [org.springframework.boot.test.autoconfigure.restdocs.RestDocsTestExecutionListener, org.springframework.boot.test.autoconfigure.web.client.MockRestServiceServerResetTestExecutionListener, org.springframework.boot.test.autoconfigure.web.servlet.MockMvcPrintOnlyOnFailureTestExecutionListener, org.springframework.boot.test.autoconfigure.web.servlet.WebDriverTestExecutionListener, org.springframework.boot.test.autoconfigure.webservices.client.MockWebServiceServerTestExecutionListener, org.springframework.boot.test.mock.mockito.MockitoTestExecutionListener, org.springframework.boot.test.mock.mockito.ResetMocksTestExecutionListener, org.springframework.test.context.web.ServletTestExecutionListener, org.springframework.test.context.support.DirtiesContextBeforeModesTestExecutionListener, org.springframework.test.context.event.ApplicationEventsTestExecutionListener, org.springframework.test.context.support.DependencyInjectionTestExecutionListener, org.springframework.test.context.support.DirtiesContextTestExecutionListener, org.springframework.test.context.transaction.TransactionalTestExecutionListener, org.springframework.test.context.jdbc.SqlScriptsTestExecutionListener, org.springframework.test.context.event.EventPublishingTestExecutionListener]
2024-05-06 14:46:19.228  INFO 22536 --- [    Test worker] o.s.b.t.a.j.JdbcTestContextBootstrapper  : Using TestExecutionListeners: [org.springframework.test.context.web.ServletTestExecutionListener@211a9647, org.springframework.test.context.support.DirtiesContextBeforeModesTestExecutionListener@340c5fb6, org.springframework.test.context.event.ApplicationEventsTestExecutionListener@322b09da, org.springframework.boot.test.mock.mockito.MockitoTestExecutionListener@45d389f2, org.springframework.boot.test.autoconfigure.SpringBootDependencyInjectionTestExecutionListener@308e87a1, org.springframework.test.context.support.DirtiesContextTestExecutionListener@66298fe9, org.springframework.test.context.transaction.TransactionalTestExecutionListener@c262f2f, org.springframework.test.context.jdbc.SqlScriptsTestExecutionListener@5563bb40, org.springframework.test.context.event.EventPublishingTestExecutionListener@11148dc2, org.springframework.boot.test.autoconfigure.restdocs.RestDocsTestExecutionListener@3be80ece, org.springframework.boot.test.autoconfigure.web.client.MockRestServiceServerResetTestExecutionListener@60a01cb, org.springframework.boot.test.autoconfigure.web.servlet.MockMvcPrintOnlyOnFailureTestExecutionListener@4efb13f1, org.springframework.boot.test.autoconfigure.web.servlet.WebDriverTestExecutionListener@7bb4ed71, org.springframework.boot.test.autoconfigure.webservices.client.MockWebServiceServerTestExecutionListener@5112b7, org.springframework.boot.test.mock.mockito.ResetMocksTestExecutionListener@56835f2f]
2024-05-06 14:46:19.232  INFO 22536 --- [    Test worker] o.s.t.c.transaction.TransactionContext   : Began transaction (1) for test context [DefaultTestContext@14be750c testClass = JdbcTemplateTest, testInstance = com.example.demo.helloboot.JdbcTemplateTest@58882a93, testMethod = insertAndQuery@JdbcTemplateTest, testException = [null], mergedContextConfiguration = [MergedContextConfiguration@15e08615 testClass = JdbcTemplateTest, locations = '{}', classes = '{class com.example.demo.helloboot.HellobootApplication}', contextInitializerClasses = '[]', activeProfiles = '{}', propertySourceLocations = '{}', propertySourceProperties = '{org.springframework.boot.test.autoconfigure.jdbc.JdbcTestContextBootstrapper=true}', contextCustomizers = set[org.springframework.boot.test.autoconfigure.OverrideAutoConfigurationContextCustomizerFactory$DisableAutoConfigurationContextCustomizer@3cf55e0c, org.springframework.boot.test.autoconfigure.actuate.metrics.MetricsExportContextCustomizerFactory$DisableMetricExportContextCustomizer@1fdf1c5, org.springframework.boot.test.autoconfigure.filter.TypeExcludeFiltersContextCustomizer@351584c0, org.springframework.boot.test.autoconfigure.properties.PropertyMappingContextCustomizer@63ae5a1e, org.springframework.boot.test.autoconfigure.web.servlet.WebDriverContextCustomizerFactory$Customizer@5ef6ae06, [ImportsContextCustomizer@19dac2d6 key = [org.springframework.boot.autoconfigure.cache.CacheAutoConfiguration, org.springframework.boot.autoconfigure.flyway.FlywayAutoConfiguration, org.springframework.boot.autoconfigure.jdbc.DataSourceAutoConfiguration, org.springframework.boot.autoconfigure.jdbc.DataSourceTransactionManagerAutoConfiguration, org.springframework.boot.autoconfigure.jdbc.JdbcTemplateAutoConfiguration, org.springframework.boot.autoconfigure.liquibase.LiquibaseAutoConfiguration, org.springframework.boot.autoconfigure.sql.init.SqlInitializationAutoConfiguration, org.springframework.boot.autoconfigure.transaction.TransactionAutoConfiguration, org.springframework.boot.test.autoconfigure.jdbc.TestDatabaseAutoConfiguration]], org.springframework.boot.test.context.filter.ExcludeFilterContextCustomizer@1cdc4c27, org.springframework.boot.test.json.DuplicateJsonObjectContextCustomizerFactory$DuplicateJsonObjectContextCustomizer@1d3ac898, org.springframework.boot.test.mock.mockito.MockitoContextCustomizer@0, org.springframework.boot.test.context.SpringBootTestArgs@1, org.springframework.boot.test.context.SpringBootTestWebEnvironment@0], contextLoader = 'org.springframework.boot.test.context.SpringBootContextLoader', parent = [null]], attributes = map['org.springframework.test.context.event.ApplicationEventsTestExecutionListener.recordApplicationEvents' -> false]]; transaction manager [org.springframework.jdbc.support.JdbcTransactionManager@fe42a09]; rollback [true]
2024-05-06 14:46:19.240  INFO 22536 --- [    Test worker] o.s.t.c.transaction.TransactionContext   : Rolled back transaction for test: [DefaultTestContext@14be750c testClass = JdbcTemplateTest, testInstance = com.example.demo.helloboot.JdbcTemplateTest@58882a93, testMethod = insertAndQuery@JdbcTemplateTest, testException = [null], mergedContextConfiguration = [MergedContextConfiguration@15e08615 testClass = JdbcTemplateTest, locations = '{}', classes = '{class com.example.demo.helloboot.HellobootApplication}', contextInitializerClasses = '[]', activeProfiles = '{}', propertySourceLocations = '{}', propertySourceProperties = '{org.springframework.boot.test.autoconfigure.jdbc.JdbcTestContextBootstrapper=true}', contextCustomizers = set[org.springframework.boot.test.autoconfigure.OverrideAutoConfigurationContextCustomizerFactory$DisableAutoConfigurationContextCustomizer@3cf55e0c, org.springframework.boot.test.autoconfigure.actuate.metrics.MetricsExportContextCustomizerFactory$DisableMetricExportContextCustomizer@1fdf1c5, org.springframework.boot.test.autoconfigure.filter.TypeExcludeFiltersContextCustomizer@351584c0, org.springframework.boot.test.autoconfigure.properties.PropertyMappingContextCustomizer@63ae5a1e, org.springframework.boot.test.autoconfigure.web.servlet.WebDriverContextCustomizerFactory$Customizer@5ef6ae06, [ImportsContextCustomizer@19dac2d6 key = [org.springframework.boot.autoconfigure.cache.CacheAutoConfiguration, org.springframework.boot.autoconfigure.flyway.FlywayAutoConfiguration, org.springframework.boot.autoconfigure.jdbc.DataSourceAutoConfiguration, org.springframework.boot.autoconfigure.jdbc.DataSourceTransactionManagerAutoConfiguration, org.springframework.boot.autoconfigure.jdbc.JdbcTemplateAutoConfiguration, org.springframework.boot.autoconfigure.liquibase.LiquibaseAutoConfiguration, org.springframework.boot.autoconfigure.sql.init.SqlInitializationAutoConfiguration, org.springframework.boot.autoconfigure.transaction.TransactionAutoConfiguration, org.springframework.boot.test.autoconfigure.jdbc.TestDatabaseAutoConfiguration]], org.springframework.boot.test.context.filter.ExcludeFilterContextCustomizer@1cdc4c27, org.springframework.boot.test.json.DuplicateJsonObjectContextCustomizerFactory$DuplicateJsonObjectContextCustomizer@1d3ac898, org.springframework.boot.test.mock.mockito.MockitoContextCustomizer@0, org.springframework.boot.test.context.SpringBootTestArgs@1, org.springframework.boot.test.context.SpringBootTestWebEnvironment@0], contextLoader = 'org.springframework.boot.test.context.SpringBootContextLoader', parent = [null]], attributes = map['org.springframework.test.context.event.ApplicationEventsTestExecutionListener.recordApplicationEvents' -> false]]
]]></system-out>
  <system-err><![CDATA[]]></system-err>
</testsuite>
