<?xml version="1.0" encoding="UTF-8"?>
<testsuite name="com.example.demo.helloboot.study.ConditionalTest" tests="1" skipped="0" failures="0" errors="0" timestamp="2024-05-06T05:46:19" hostname="KDH" time="0.02">
  <properties/>
  <testcase name="conditional()" classname="com.example.demo.helloboot.study.ConditionalTest" time="0.02"/>
  <system-out><![CDATA[]]></system-out>
  <system-err><![CDATA[]]></system-err>
</testsuite>
