<?xml version="1.0" encoding="UTF-8"?>
<testsuite name="com.example.demo.helloboot.HelloServiceCountTest" tests="1" skipped="0" failures="0" errors="0" timestamp="2024-05-06T05:46:18" hostname="KDH" time="0.007">
  <properties/>
  <testcase name="sayHelloIncreaseCount()" classname="com.example.demo.helloboot.HelloServiceCountTest" time="0.007"/>
  <system-out><![CDATA[2024-05-06 14:46:18.926  INFO 22536 --- [    Test worker] .b.t.c.SpringBootTestContextBootstrapper : Neither @ContextConfiguration nor @ContextHierarchy found for test class [com.example.demo.helloboot.HelloServiceCountTest], using SpringBootContextLoader
2024-05-06 14:46:18.926  INFO 22536 --- [    Test worker] o.s.t.c.support.AbstractContextLoader    : Could not detect default resource locations for test class [com.example.demo.helloboot.HelloServiceCountTest]: no resource found for suffixes {-context.xml, Context.groovy}.
2024-05-06 14:46:18.927  INFO 22536 --- [    Test worker] t.c.s.AnnotationConfigContextLoaderUtils : Could not detect default configuration classes for test class [com.example.demo.helloboot.HelloServiceCountTest]: HelloServiceCountTest does not declare any static, non-private, non-final, nested classes annotated with @Configuration.
2024-05-06 14:46:18.928  INFO 22536 --- [    Test worker] .b.t.c.SpringBootTestContextBootstrapper : Found @SpringBootConfiguration com.example.demo.helloboot.HellobootApplication for test class com.example.demo.helloboot.HelloServiceCountTest
2024-05-06 14:46:18.928  INFO 22536 --- [    Test worker] .b.t.c.SpringBootTestContextBootstrapper : Loaded default TestExecutionListener class names from location [META-INF/spring.factories]: [org.springframework.boot.test.autoconfigure.restdocs.RestDocsTestExecutionListener, org.springframework.boot.test.autoconfigure.web.client.MockRestServiceServerResetTestExecutionListener, org.springframework.boot.test.autoconfigure.web.servlet.MockMvcPrintOnlyOnFailureTestExecutionListener, org.springframework.boot.test.autoconfigure.web.servlet.WebDriverTestExecutionListener, org.springframework.boot.test.autoconfigure.webservices.client.MockWebServiceServerTestExecutionListener, org.springframework.boot.test.mock.mockito.MockitoTestExecutionListener, org.springframework.boot.test.mock.mockito.ResetMocksTestExecutionListener, org.springframework.test.context.web.ServletTestExecutionListener, org.springframework.test.context.support.DirtiesContextBeforeModesTestExecutionListener, org.springframework.test.context.event.ApplicationEventsTestExecutionListener, org.springframework.test.context.support.DependencyInjectionTestExecutionListener, org.springframework.test.context.support.DirtiesContextTestExecutionListener, org.springframework.test.context.transaction.TransactionalTestExecutionListener, org.springframework.test.context.jdbc.SqlScriptsTestExecutionListener, org.springframework.test.context.event.EventPublishingTestExecutionListener]
2024-05-06 14:46:18.929  INFO 22536 --- [    Test worker] .b.t.c.SpringBootTestContextBootstrapper : Using TestExecutionListeners: [org.springframework.test.context.web.ServletTestExecutionListener@c5e69a5, org.springframework.test.context.support.DirtiesContextBeforeModesTestExecutionListener@64a1116a, org.springframework.test.context.event.ApplicationEventsTestExecutionListener@11e17893, org.springframework.boot.test.mock.mockito.MockitoTestExecutionListener@19eea77c, org.springframework.boot.test.autoconfigure.SpringBootDependencyInjectionTestExecutionListener@6682e6a5, org.springframework.test.context.support.DirtiesContextTestExecutionListener@ac4915e, org.springframework.test.context.transaction.TransactionalTestExecutionListener@10fb4575, org.springframework.test.context.jdbc.SqlScriptsTestExecutionListener@7cc2c551, org.springframework.test.context.event.EventPublishingTestExecutionListener@d84b3a2, org.springframework.boot.test.autoconfigure.restdocs.RestDocsTestExecutionListener@23648d2d, org.springframework.boot.test.autoconfigure.web.client.MockRestServiceServerResetTestExecutionListener@69feb4d9, org.springframework.boot.test.autoconfigure.web.servlet.MockMvcPrintOnlyOnFailureTestExecutionListener@37c1cfa, org.springframework.boot.test.autoconfigure.web.servlet.WebDriverTestExecutionListener@2bcda694, org.springframework.boot.test.autoconfigure.webservices.client.MockWebServiceServerTestExecutionListener@2cc75b25, org.springframework.boot.test.mock.mockito.ResetMocksTestExecutionListener@30036a18]
2024-05-06 14:46:18.931  INFO 22536 --- [    Test worker] o.s.t.c.transaction.TransactionContext   : Began transaction (1) for test context [DefaultTestContext@3ccb12d testClass = HelloServiceCountTest, testInstance = com.example.demo.helloboot.HelloServiceCountTest@28b458e6, testMethod = sayHelloIncreaseCount@HelloServiceCountTest, testException = [null], mergedContextConfiguration = [MergedContextConfiguration@221ca495 testClass = HelloServiceCountTest, locations = '{}', classes = '{class com.example.demo.helloboot.HellobootApplication}', contextInitializerClasses = '[]', activeProfiles = '{}', propertySourceLocations = '{}', propertySourceProperties = '{org.springframework.boot.test.context.SpringBootTestContextBootstrapper=true, spring.main.web-application-type=none}', contextCustomizers = set[org.springframework.boot.test.autoconfigure.actuate.metrics.MetricsExportContextCustomizerFactory$DisableMetricExportContextCustomizer@1fdf1c5, org.springframework.boot.test.autoconfigure.properties.PropertyMappingContextCustomizer@0, org.springframework.boot.test.autoconfigure.web.servlet.WebDriverContextCustomizerFactory$Customizer@5ef6ae06, org.springframework.boot.test.context.filter.ExcludeFilterContextCustomizer@1cdc4c27, org.springframework.boot.test.json.DuplicateJsonObjectContextCustomizerFactory$DuplicateJsonObjectContextCustomizer@1d3ac898, org.springframework.boot.test.mock.mockito.MockitoContextCustomizer@0, org.springframework.boot.test.web.client.TestRestTemplateContextCustomizer@22ffa91a, org.springframework.boot.test.context.SpringBootTestArgs@1, org.springframework.boot.test.context.SpringBootTestWebEnvironment@581ac8a8], contextLoader = 'org.springframework.boot.test.context.SpringBootContextLoader', parent = [null]], attributes = map['org.springframework.test.context.event.ApplicationEventsTestExecutionListener.recordApplicationEvents' -> false]]; transaction manager [org.springframework.jdbc.support.JdbcTransactionManager@6411504a]; rollback [true]
2024-05-06 14:46:18.937  INFO 22536 --- [    Test worker] o.s.t.c.transaction.TransactionContext   : Rolled back transaction for test: [DefaultTestContext@3ccb12d testClass = HelloServiceCountTest, testInstance = com.example.demo.helloboot.HelloServiceCountTest@28b458e6, testMethod = sayHelloIncreaseCount@HelloServiceCountTest, testException = [null], mergedContextConfiguration = [MergedContextConfiguration@221ca495 testClass = HelloServiceCountTest, locations = '{}', classes = '{class com.example.demo.helloboot.HellobootApplication}', contextInitializerClasses = '[]', activeProfiles = '{}', propertySourceLocations = '{}', propertySourceProperties = '{org.springframework.boot.test.context.SpringBootTestContextBootstrapper=true, spring.main.web-application-type=none}', contextCustomizers = set[org.springframework.boot.test.autoconfigure.actuate.metrics.MetricsExportContextCustomizerFactory$DisableMetricExportContextCustomizer@1fdf1c5, org.springframework.boot.test.autoconfigure.properties.PropertyMappingContextCustomizer@0, org.springframework.boot.test.autoconfigure.web.servlet.WebDriverContextCustomizerFactory$Customizer@5ef6ae06, org.springframework.boot.test.context.filter.ExcludeFilterContextCustomizer@1cdc4c27, org.springframework.boot.test.json.DuplicateJsonObjectContextCustomizerFactory$DuplicateJsonObjectContextCustomizer@1d3ac898, org.springframework.boot.test.mock.mockito.MockitoContextCustomizer@0, org.springframework.boot.test.web.client.TestRestTemplateContextCustomizer@22ffa91a, org.springframework.boot.test.context.SpringBootTestArgs@1, org.springframework.boot.test.context.SpringBootTestWebEnvironment@581ac8a8], contextLoader = 'org.springframework.boot.test.context.SpringBootContextLoader', parent = [null]], attributes = map['org.springframework.test.context.event.ApplicationEventsTestExecutionListener.recordApplicationEvents' -> false]]
]]></system-out>
  <system-err><![CDATA[]]></system-err>
</testsuite>
