<?xml version="1.0" encoding="UTF-8"?>
<testsuite name="com.example.demo.helloboot.HelloApiTest" tests="2" skipped="0" failures="0" errors="0" timestamp="2024-05-06T05:46:19" hostname="KDH" time="0.07">
  <properties/>
  <testcase name="helloApi()" classname="com.example.demo.helloboot.HelloApiTest" time="0.057"/>
  <testcase name="failHelloApi()" classname="com.example.demo.helloboot.HelloApiTest" time="0.013"/>
  <system-out><![CDATA[]]></system-out>
  <system-err><![CDATA[]]></system-err>
</testsuite>
