<?xml version="1.0" encoding="UTF-8"?>
<testsuite name="com.example.demo.helloboot.DataSourceTest" tests="1" skipped="0" failures="0" errors="0" timestamp="2024-05-06T05:46:19" hostname="KDH" time="0.004">
  <properties/>
  <testcase name="connect()" classname="com.example.demo.helloboot.DataSourceTest" time="0.004"/>
  <system-out><![CDATA[2024-05-06 14:46:18.939  INFO 22536 --- [    Test worker] o.s.b.t.a.j.JdbcTestContextBootstrapper  : Neither @ContextConfiguration nor @ContextHierarchy found for test class [com.example.demo.helloboot.DataSourceTest], using SpringBootContextLoader
2024-05-06 14:46:18.939  INFO 22536 --- [    Test worker] o.s.t.c.support.AbstractContextLoader    : Could not detect default resource locations for test class [com.example.demo.helloboot.DataSourceTest]: no resource found for suffixes {-context.xml, Context.groovy}.
2024-05-06 14:46:18.940  INFO 22536 --- [    Test worker] t.c.s.AnnotationConfigContextLoaderUtils : Could not detect default configuration classes for test class [com.example.demo.helloboot.DataSourceTest]: DataSourceTest does not declare any static, non-private, non-final, nested classes annotated with @Configuration.
2024-05-06 14:46:18.946  INFO 22536 --- [    Test worker] .b.t.c.SpringBootTestContextBootstrapper : Found @SpringBootConfiguration com.example.demo.helloboot.HellobootApplication for test class com.example.demo.helloboot.DataSourceTest
2024-05-06 14:46:18.946  INFO 22536 --- [    Test worker] o.s.b.t.a.j.JdbcTestContextBootstrapper  : Loaded default TestExecutionListener class names from location [META-INF/spring.factories]: [org.springframework.boot.test.autoconfigure.restdocs.RestDocsTestExecutionListener, org.springframework.boot.test.autoconfigure.web.client.MockRestServiceServerResetTestExecutionListener, org.springframework.boot.test.autoconfigure.web.servlet.MockMvcPrintOnlyOnFailureTestExecutionListener, org.springframework.boot.test.autoconfigure.web.servlet.WebDriverTestExecutionListener, org.springframework.boot.test.autoconfigure.webservices.client.MockWebServiceServerTestExecutionListener, org.springframework.boot.test.mock.mockito.MockitoTestExecutionListener, org.springframework.boot.test.mock.mockito.ResetMocksTestExecutionListener, org.springframework.test.context.web.ServletTestExecutionListener, org.springframework.test.context.support.DirtiesContextBeforeModesTestExecutionListener, org.springframework.test.context.event.ApplicationEventsTestExecutionListener, org.springframework.test.context.support.DependencyInjectionTestExecutionListener, org.springframework.test.context.support.DirtiesContextTestExecutionListener, org.springframework.test.context.transaction.TransactionalTestExecutionListener, org.springframework.test.context.jdbc.SqlScriptsTestExecutionListener, org.springframework.test.context.event.EventPublishingTestExecutionListener]
2024-05-06 14:46:18.947  INFO 22536 --- [    Test worker] o.s.b.t.a.j.JdbcTestContextBootstrapper  : Using TestExecutionListeners: [org.springframework.test.context.web.ServletTestExecutionListener@6735f210, org.springframework.test.context.support.DirtiesContextBeforeModesTestExecutionListener@4567fb2b, org.springframework.test.context.event.ApplicationEventsTestExecutionListener@372954e1, org.springframework.boot.test.mock.mockito.MockitoTestExecutionListener@5fd8dd66, org.springframework.boot.test.autoconfigure.SpringBootDependencyInjectionTestExecutionListener@173511ff, org.springframework.test.context.support.DirtiesContextTestExecutionListener@6df11e91, org.springframework.test.context.transaction.TransactionalTestExecutionListener@1002d192, org.springframework.test.context.jdbc.SqlScriptsTestExecutionListener@9281d19, org.springframework.test.context.event.EventPublishingTestExecutionListener@36ad5f2a, org.springframework.boot.test.autoconfigure.restdocs.RestDocsTestExecutionListener@53cddaf8, org.springframework.boot.test.autoconfigure.web.client.MockRestServiceServerResetTestExecutionListener@55c50f52, org.springframework.boot.test.autoconfigure.web.servlet.MockMvcPrintOnlyOnFailureTestExecutionListener@1ccc1026, org.springframework.boot.test.autoconfigure.web.servlet.WebDriverTestExecutionListener@4044589a, org.springframework.boot.test.autoconfigure.webservices.client.MockWebServiceServerTestExecutionListener@7de35070, org.springframework.boot.test.mock.mockito.ResetMocksTestExecutionListener@216f01]

  .   ____          _            __ _ _
 /\\ / ___'_ __ _ _(_)_ __  __ _ \ \ \ \
( ( )\___ | '_ | '_| | '_ \/ _` | \ \ \ \
 \\/  ___)| |_)| | | | | || (_| |  ) ) ) )
  '  |____| .__|_| |_|_| |_\__, | / / / /
 =========|_|==============|___/=/_/_/_/
 :: Spring Boot ::               (v2.7.10)

2024-05-06 14:46:18.967  INFO 22536 --- [    Test worker] c.example.demo.helloboot.DataSourceTest  : Starting DataSourceTest using Java 17.0.10 on kdh with PID 22536 (started by kdh in C:\dev\git\inf_toby_boot\helloboot)
2024-05-06 14:46:18.967  INFO 22536 --- [    Test worker] c.example.demo.helloboot.DataSourceTest  : No active profile set, falling back to 1 default profile: "default"
2024-05-06 14:46:19.024  INFO 22536 --- [    Test worker] beddedDataSourceBeanFactoryPostProcessor : Replacing 'dataSource' DataSource bean with embedded version
2024-05-06 14:46:19.048  INFO 22536 --- [    Test worker] o.s.j.d.e.EmbeddedDatabaseFactory        : Starting embedded database: url='jdbc:h2:mem:1e1e6c9b-855b-4b4f-b559-9d2cd9375068;DB_CLOSE_DELAY=-1;DB_CLOSE_ON_EXIT=false', username='sa'
2024-05-06 14:46:19.124  INFO 22536 --- [    Test worker] c.example.demo.helloboot.DataSourceTest  : Started DataSourceTest in 0.175 seconds (JVM running for 1.988)
my.name = null
2024-05-06 14:46:19.130  INFO 22536 --- [    Test worker] o.s.t.c.transaction.TransactionContext   : Began transaction (1) for test context [DefaultTestContext@2de3b052 testClass = DataSourceTest, testInstance = com.example.demo.helloboot.DataSourceTest@3f3c8b60, testMethod = connect@DataSourceTest, testException = [null], mergedContextConfiguration = [MergedContextConfiguration@16bbaab3 testClass = DataSourceTest, locations = '{}', classes = '{class com.example.demo.helloboot.HellobootApplication}', contextInitializerClasses = '[]', activeProfiles = '{}', propertySourceLocations = '{}', propertySourceProperties = '{org.springframework.boot.test.autoconfigure.jdbc.JdbcTestContextBootstrapper=true}', contextCustomizers = set[org.springframework.boot.test.autoconfigure.OverrideAutoConfigurationContextCustomizerFactory$DisableAutoConfigurationContextCustomizer@3cf55e0c, org.springframework.boot.test.autoconfigure.actuate.metrics.MetricsExportContextCustomizerFactory$DisableMetricExportContextCustomizer@1fdf1c5, org.springframework.boot.test.autoconfigure.filter.TypeExcludeFiltersContextCustomizer@351584c0, org.springframework.boot.test.autoconfigure.properties.PropertyMappingContextCustomizer@63ae5a1e, org.springframework.boot.test.autoconfigure.web.servlet.WebDriverContextCustomizerFactory$Customizer@5ef6ae06, [ImportsContextCustomizer@3f357c9d key = [org.springframework.boot.autoconfigure.cache.CacheAutoConfiguration, org.springframework.boot.autoconfigure.flyway.FlywayAutoConfiguration, org.springframework.boot.autoconfigure.jdbc.DataSourceAutoConfiguration, org.springframework.boot.autoconfigure.jdbc.DataSourceTransactionManagerAutoConfiguration, org.springframework.boot.autoconfigure.jdbc.JdbcTemplateAutoConfiguration, org.springframework.boot.autoconfigure.liquibase.LiquibaseAutoConfiguration, org.springframework.boot.autoconfigure.sql.init.SqlInitializationAutoConfiguration, org.springframework.boot.autoconfigure.transaction.TransactionAutoConfiguration, org.springframework.boot.test.autoconfigure.jdbc.TestDatabaseAutoConfiguration]], org.springframework.boot.test.context.filter.ExcludeFilterContextCustomizer@1cdc4c27, org.springframework.boot.test.json.DuplicateJsonObjectContextCustomizerFactory$DuplicateJsonObjectContextCustomizer@1d3ac898, org.springframework.boot.test.mock.mockito.MockitoContextCustomizer@0, org.springframework.boot.test.context.SpringBootTestArgs@1, org.springframework.boot.test.context.SpringBootTestWebEnvironment@0], contextLoader = 'org.springframework.boot.test.context.SpringBootContextLoader', parent = [null]], attributes = map['org.springframework.test.context.event.ApplicationEventsTestExecutionListener.recordApplicationEvents' -> false]]; transaction manager [org.springframework.jdbc.support.JdbcTransactionManager@fe42a09]; rollback [true]
2024-05-06 14:46:19.132  INFO 22536 --- [    Test worker] o.s.t.c.transaction.TransactionContext   : Rolled back transaction for test: [DefaultTestContext@2de3b052 testClass = DataSourceTest, testInstance = com.example.demo.helloboot.DataSourceTest@3f3c8b60, testMethod = connect@DataSourceTest, testException = [null], mergedContextConfiguration = [MergedContextConfiguration@16bbaab3 testClass = DataSourceTest, locations = '{}', classes = '{class com.example.demo.helloboot.HellobootApplication}', contextInitializerClasses = '[]', activeProfiles = '{}', propertySourceLocations = '{}', propertySourceProperties = '{org.springframework.boot.test.autoconfigure.jdbc.JdbcTestContextBootstrapper=true}', contextCustomizers = set[org.springframework.boot.test.autoconfigure.OverrideAutoConfigurationContextCustomizerFactory$DisableAutoConfigurationContextCustomizer@3cf55e0c, org.springframework.boot.test.autoconfigure.actuate.metrics.MetricsExportContextCustomizerFactory$DisableMetricExportContextCustomizer@1fdf1c5, org.springframework.boot.test.autoconfigure.filter.TypeExcludeFiltersContextCustomizer@351584c0, org.springframework.boot.test.autoconfigure.properties.PropertyMappingContextCustomizer@63ae5a1e, org.springframework.boot.test.autoconfigure.web.servlet.WebDriverContextCustomizerFactory$Customizer@5ef6ae06, [ImportsContextCustomizer@3f357c9d key = [org.springframework.boot.autoconfigure.cache.CacheAutoConfiguration, org.springframework.boot.autoconfigure.flyway.FlywayAutoConfiguration, org.springframework.boot.autoconfigure.jdbc.DataSourceAutoConfiguration, org.springframework.boot.autoconfigure.jdbc.DataSourceTransactionManagerAutoConfiguration, org.springframework.boot.autoconfigure.jdbc.JdbcTemplateAutoConfiguration, org.springframework.boot.autoconfigure.liquibase.LiquibaseAutoConfiguration, org.springframework.boot.autoconfigure.sql.init.SqlInitializationAutoConfiguration, org.springframework.boot.autoconfigure.transaction.TransactionAutoConfiguration, org.springframework.boot.test.autoconfigure.jdbc.TestDatabaseAutoConfiguration]], org.springframework.boot.test.context.filter.ExcludeFilterContextCustomizer@1cdc4c27, org.springframework.boot.test.json.DuplicateJsonObjectContextCustomizerFactory$DuplicateJsonObjectContextCustomizer@1d3ac898, org.springframework.boot.test.mock.mockito.MockitoContextCustomizer@0, org.springframework.boot.test.context.SpringBootTestArgs@1, org.springframework.boot.test.context.SpringBootTestWebEnvironment@0], contextLoader = 'org.springframework.boot.test.context.SpringBootContextLoader', parent = [null]], attributes = map['org.springframework.test.context.event.ApplicationEventsTestExecutionListener.recordApplicationEvents' -> false]]
]]></system-out>
  <system-err><![CDATA[]]></system-err>
</testsuite>
