<?xml version="1.0" encoding="UTF-8"?>
<testsuite name="com.example.demo.helloboot.study.ConfigurationTest" tests="3" skipped="0" failures="0" errors="0" timestamp="2024-05-06T05:46:19" hostname="KDH" time="0.011">
  <properties/>
  <testcase name="순수 자바 코드를 이용한 빈 생성 테스트" classname="com.example.demo.helloboot.study.ConfigurationTest" time="0.0"/>
  <testcase name="순수 자바 코드로 프록시 구성클래스 만들기 테스트" classname="com.example.demo.helloboot.study.ConfigurationTest" time="0.0"/>
  <testcase name="구성클래스 프록시를 이용한 빈 생성 테스트" classname="com.example.demo.helloboot.study.ConfigurationTest" time="0.011"/>
  <system-out><![CDATA[]]></system-out>
  <system-err><![CDATA[]]></system-err>
</testsuite>
